<?xml version="1.0" encoding="UTF-8"?>
<!-- Generated by org.testng.reporters.JUnitReportReporter -->
<testsuite hostname="Gowthams-Tuff" name="org.api.omrbranch.APItesting.LoginClass" tests="1" failures="0" timestamp="6 Jul 2023 09:08:13 GMT" time="2.895" errors="0">
  <testcase name="Login" time="2.895" classname="org.api.omrbranch.APItesting.LoginClass"/>
</testsuite> <!-- org.api.omrbranch.APItesting.LoginClass -->
