<?xml version="1.0" encoding="UTF-8"?>
<!-- Generated by org.testng.reporters.JUnitReportReporter -->
<testsuite hostname="Gowthams-Tuff" name="org.api.APItesting.APISample" tests="1" failures="0" timestamp="6 Jul 2023 09:06:59 GMT" time="2.781" errors="0">
  <testcase name="getListOfFlights" time="2.781" classname="org.api.APItesting.APISample"/>
</testsuite> <!-- org.api.APItesting.APISample -->
