<?xml version="1.0" encoding="UTF-8"?>
<!-- Generated by org.testng.reporters.JUnitReportReporter -->
<testsuite hostname="Gowthams-Tuff" name="org.api.APItesting.JSONPath" tests="1" failures="0" timestamp="5 Jul 2023 17:22:52 GMT" time="1.989" errors="0">
  <testcase name="getListOfFlights" time="1.989" classname="org.api.APItesting.JSONPath"/>
</testsuite> <!-- org.api.APItesting.JSONPath -->
